
Opened gp_vis_azel.emx

Simulation Start Time: 2021/11/12 17:00:00.00
Simulation Stop Time:  2021/11/14 17:00:00.00
EcfEci Output Rate is 240 minutes
Leap Seconds (TAI - UTC): 37
Using dt eps: 1.26496e-07 seconds
One ER is 6378137 meters
One DU is 6378136 meters
One TU is 806.811 seconds

Ground point Definitions
  Eglin:  (30.570, -86.210, 34.700) (deg, deg, m)
Generated Orbits
  leosat
  2021/11/12 17:00:00.00    GCRF    (11.77 rev/day)
  a: 8164.220 km  e: 0.151395  i: 32.863616°  o: 80.338631°  w: 117.862140°
  v: 2.080706°  M: 1.515940°  E: 1.786339°
    {-5552.000  -2563.000  3258.000} km
    {2.149000  -7.539000  -2.186000} km/sec
  geosat
  2021/11/12 17:00:00.00    GCRF    (1.00 rev/day)
  a: 42166.242 km  e: 0.001000  i: 7.000000°  o: 230.000000°  w: 0.000000°
  v: 360.000000°  M: -0.000000°  E: -0.000000°
    {-27076.834  -32268.914  0.000} km
    {2.340051  -1.963536  0.375072} km/sec
  heosat
  2021/11/12 17:00:00.00    GCRF    (2.01 rev/day)
  a: 26553.457 km  e: 0.741000  i: 63.400000°  o: 230.000000°  w: 270.000000°
  v: 0.000000°  M: 0.000000°  E: 0.000000°
    {-2358.953  1979.396  -6149.408} km
    {-6.456919  -7.695057  -0.000000} km/sec
  Access for leosat against Eglin
2021/11/13 06:29:11.59  2021/11/13 06:42:21.30    {1.0, 11.2} deg Elevation    {190.1, 145.0} deg Azimuth
2021/11/13 08:41:07.31  2021/11/13 08:54:15.23    {6.4, 32.4} deg Elevation    {215.0, 145.0} deg Azimuth
2021/11/13 11:02:51.14  2021/11/13 11:04:11.23    {62.3, 71.6} deg Elevation    {215.0, 145.0} deg Azimuth
2021/11/14 04:53:42.02  2021/11/14 04:58:02.25    {1.0, 1.7} deg Elevation    {158.2, 145.0} deg Azimuth
2021/11/14 06:55:45.75  2021/11/14 07:11:34.47    {1.0, 19.2} deg Elevation    {201.8, 145.0} deg Azimuth
2021/11/14 09:15:37.70  2021/11/14 09:22:58.33    {23.3, 45.5} deg Elevation    {215.0, 145.0} deg Azimuth
  Access for heosat against Eglin
2021/11/13 04:21:07.79  2021/11/13 04:38:22.89    {51.6, 1.0} deg Elevation    {145.0, 151.8} deg Azimuth
2021/11/14 04:17:02.57  2021/11/14 04:33:45.35    {50.4, 1.0} deg Elevation    {145.0, 151.6} deg Azimuth
  Access for geosat against Eglin
2021/11/12 23:09:35.47  2021/11/13 11:49:01.81    {60.6, 45.4} deg Elevation    {157.1, 164.9} deg Azimuth
2021/11/13 23:09:04.89  2021/11/14 11:49:49.86    {60.6, 45.4} deg Elevation    {157.2, 164.9} deg Azimuth

